<?xml version="1.0" encoding="UTF-8"?>
<!-- Generated by org.testng.reporters.JUnitXMLReporter -->
<testsuite ignored="0" hostname="DESKTOP-QSM3Q2F" failures="0" tests="11" name="FreeCRM application test" time="166.729" errors="0" timestamp="2020-07-30T13:45:43 IST">
  <testcase classname="com.qa.testcases.Contactpagetest" name="checkcontacts" time="0.095"/>
  <testcase classname="com.qa.testcases.Contactpagetest" name="selectsinglecheckbox" time="0.868"/>
  <testcase classname="com.qa.testcases.Contactpagetest" name="selectmultiplecheckbox" time="0.942"/>
  <testcase classname="com.qa.testcases.Homepagetest" name="clickoncontacts" time="1.967"/>
  <testcase classname="com.qa.testcases.Homepagetest" name="clickondeals" time="2.302"/>
  <testcase classname="com.qa.testcases.Homepagetest" name="verifyhomepagetitle" time="0.005"/>
  <testcase classname="com.qa.testcases.Homepagetest" name="contactslinkpresent" time="1.62"/>
  <testcase classname="com.qa.testcases.Homepagetest" name="verifydealslinkpresent" time="1.967"/>
  <testcase classname="com.qa.testcases.LoginPageTest" name="loginpagetitletest" time="0.006"/>
  <testcase classname="com.qa.testcases.LoginPageTest" name="crmlogotest" time="0.306"/>
  <testcase classname="com.qa.testcases.LoginPageTest" name="logintest" time="5.798"/>
</testsuite> <!-- FreeCRM application test -->
