<?xml version="1.0" encoding="UTF-8"?>
<testng-results ignored="0" total="12" passed="12" failed="0" skipped="0">
  <reporter-output>
  </reporter-output>
  <suite started-at="2020-08-21T11:48:51 IST" name="Peets production test suite" finished-at="2020-08-21T11:52:56 IST" duration-ms="244867">
    <groups>
    </groups>
    <test started-at="2020-08-21T11:48:51 IST" name="Peets production test" finished-at="2020-08-21T11:52:56 IST" duration-ms="244867">
      <class name="com.qa.testcases.Homepagetest">
        <test-method is-config="true" signature="setup()[pri:0, instance:com.qa.testcases.Homepagetest@59d016c9]" started-at="2020-08-21T11:49:58 IST" name="setup" finished-at="2020-08-21T11:50:16 IST" duration-ms="17791" status="PASS">
          <reporter-output>
          </reporter-output>
        </test-method> <!-- setup -->
        <test-method signature="Hoveronsubscriptionsheaderlink()[pri:1, instance:com.qa.testcases.Homepagetest@59d016c9]" started-at="2020-08-21T11:50:16 IST" name="Hoveronsubscriptionsheaderlink" finished-at="2020-08-21T11:50:16 IST" duration-ms="37" status="PASS">
          <reporter-output>
          </reporter-output>
        </test-method> <!-- Hoveronsubscriptionsheaderlink -->
        <test-method is-config="true" signature="teardown()[pri:0, instance:com.qa.testcases.Homepagetest@59d016c9]" started-at="2020-08-21T11:50:16 IST" name="teardown" finished-at="2020-08-21T11:50:17 IST" duration-ms="710" status="PASS">
          <reporter-output>
          </reporter-output>
        </test-method> <!-- teardown -->
        <test-method is-config="true" signature="setup()[pri:0, instance:com.qa.testcases.Homepagetest@59d016c9]" started-at="2020-08-21T11:50:17 IST" name="setup" finished-at="2020-08-21T11:50:33 IST" duration-ms="15836" status="PASS">
          <reporter-output>
          </reporter-output>
        </test-method> <!-- setup -->
        <test-method signature="Hoveronsubscriptionsheaderlinkclick()[pri:2, instance:com.qa.testcases.Homepagetest@59d016c9]" started-at="2020-08-21T11:50:33 IST" name="Hoveronsubscriptionsheaderlinkclick" finished-at="2020-08-21T11:50:33 IST" duration-ms="144" status="PASS">
          <reporter-output>
          </reporter-output>
        </test-method> <!-- Hoveronsubscriptionsheaderlinkclick -->
        <test-method is-config="true" signature="teardown()[pri:0, instance:com.qa.testcases.Homepagetest@59d016c9]" started-at="2020-08-21T11:50:33 IST" name="teardown" finished-at="2020-08-21T11:50:33 IST" duration-ms="657" status="PASS">
          <reporter-output>
          </reporter-output>
        </test-method> <!-- teardown -->
        <test-method is-config="true" signature="setup()[pri:0, instance:com.qa.testcases.Homepagetest@59d016c9]" started-at="2020-08-21T11:50:33 IST" name="setup" finished-at="2020-08-21T11:50:52 IST" duration-ms="18859" status="PASS">
          <reporter-output>
          </reporter-output>
        </test-method> <!-- setup -->
        <test-method signature="Hoveronlocationsheaderlink()[pri:3, instance:com.qa.testcases.Homepagetest@59d016c9]" started-at="2020-08-21T11:50:52 IST" name="Hoveronlocationsheaderlink" finished-at="2020-08-21T11:50:52 IST" duration-ms="148" status="PASS">
          <reporter-output>
          </reporter-output>
        </test-method> <!-- Hoveronlocationsheaderlink -->
        <test-method is-config="true" signature="teardown()[pri:0, instance:com.qa.testcases.Homepagetest@59d016c9]" started-at="2020-08-21T11:50:52 IST" name="teardown" finished-at="2020-08-21T11:50:53 IST" duration-ms="690" status="PASS">
          <reporter-output>
          </reporter-output>
        </test-method> <!-- teardown -->
        <test-method is-config="true" signature="setup()[pri:0, instance:com.qa.testcases.Homepagetest@59d016c9]" started-at="2020-08-21T11:50:53 IST" name="setup" finished-at="2020-08-21T11:51:11 IST" duration-ms="17988" status="PASS">
          <reporter-output>
          </reporter-output>
        </test-method> <!-- setup -->
        <test-method signature="Hoveronmenuheaderlink()[pri:4, instance:com.qa.testcases.Homepagetest@59d016c9]" started-at="2020-08-21T11:51:11 IST" name="Hoveronmenuheaderlink" finished-at="2020-08-21T11:51:11 IST" duration-ms="175" status="PASS">
          <reporter-output>
          </reporter-output>
        </test-method> <!-- Hoveronmenuheaderlink -->
        <test-method is-config="true" signature="teardown()[pri:0, instance:com.qa.testcases.Homepagetest@59d016c9]" started-at="2020-08-21T11:51:11 IST" name="teardown" finished-at="2020-08-21T11:51:12 IST" duration-ms="695" status="PASS">
          <reporter-output>
          </reporter-output>
        </test-method> <!-- teardown -->
        <test-method is-config="true" signature="setup()[pri:0, instance:com.qa.testcases.Homepagetest@59d016c9]" started-at="2020-08-21T11:51:12 IST" name="setup" finished-at="2020-08-21T11:51:30 IST" duration-ms="17918" status="PASS">
          <reporter-output>
          </reporter-output>
        </test-method> <!-- setup -->
        <test-method signature="Hoveronrewardslink()[pri:5, instance:com.qa.testcases.Homepagetest@59d016c9]" started-at="2020-08-21T11:51:30 IST" name="Hoveronrewardslink" finished-at="2020-08-21T11:51:31 IST" duration-ms="1047" status="PASS">
          <reporter-output>
          </reporter-output>
        </test-method> <!-- Hoveronrewardslink -->
        <test-method is-config="true" signature="teardown()[pri:0, instance:com.qa.testcases.Homepagetest@59d016c9]" started-at="2020-08-21T11:51:31 IST" name="teardown" finished-at="2020-08-21T11:51:32 IST" duration-ms="709" status="PASS">
          <reporter-output>
          </reporter-output>
        </test-method> <!-- teardown -->
        <test-method is-config="true" signature="setup()[pri:0, instance:com.qa.testcases.Homepagetest@59d016c9]" started-at="2020-08-21T11:51:32 IST" name="setup" finished-at="2020-08-21T11:51:50 IST" duration-ms="18392" status="PASS">
          <reporter-output>
          </reporter-output>
        </test-method> <!-- setup -->
        <test-method signature="navigatetocoffeehomepage()[pri:6, instance:com.qa.testcases.Homepagetest@59d016c9]" started-at="2020-08-21T11:51:50 IST" name="navigatetocoffeehomepage" finished-at="2020-08-21T11:51:52 IST" duration-ms="2266" status="PASS">
          <reporter-output>
          </reporter-output>
        </test-method> <!-- navigatetocoffeehomepage -->
        <test-method is-config="true" signature="teardown()[pri:0, instance:com.qa.testcases.Homepagetest@59d016c9]" started-at="2020-08-21T11:51:52 IST" name="teardown" finished-at="2020-08-21T11:51:53 IST" duration-ms="786" status="PASS">
          <reporter-output>
          </reporter-output>
        </test-method> <!-- teardown -->
        <test-method is-config="true" signature="setup()[pri:0, instance:com.qa.testcases.Homepagetest@59d016c9]" started-at="2020-08-21T11:51:53 IST" name="setup" finished-at="2020-08-21T11:52:10 IST" duration-ms="16941" status="PASS">
          <reporter-output>
          </reporter-output>
        </test-method> <!-- setup -->
        <test-method signature="navigatetoteahomepage()[pri:7, instance:com.qa.testcases.Homepagetest@59d016c9]" started-at="2020-08-21T11:52:10 IST" name="navigatetoteahomepage" finished-at="2020-08-21T11:52:12 IST" duration-ms="2217" status="PASS">
          <reporter-output>
          </reporter-output>
        </test-method> <!-- navigatetoteahomepage -->
        <test-method is-config="true" signature="teardown()[pri:0, instance:com.qa.testcases.Homepagetest@59d016c9]" started-at="2020-08-21T11:52:12 IST" name="teardown" finished-at="2020-08-21T11:52:13 IST" duration-ms="680" status="PASS">
          <reporter-output>
          </reporter-output>
        </test-method> <!-- teardown -->
        <test-method is-config="true" signature="setup()[pri:0, instance:com.qa.testcases.Homepagetest@59d016c9]" started-at="2020-08-21T11:52:13 IST" name="setup" finished-at="2020-08-21T11:52:33 IST" duration-ms="20391" status="PASS">
          <reporter-output>
          </reporter-output>
        </test-method> <!-- setup -->
        <test-method signature="navigatetoequipmenthomepage()[pri:8, instance:com.qa.testcases.Homepagetest@59d016c9]" started-at="2020-08-21T11:52:33 IST" name="navigatetoequipmenthomepage" finished-at="2020-08-21T11:52:36 IST" duration-ms="2563" status="PASS">
          <reporter-output>
          </reporter-output>
        </test-method> <!-- navigatetoequipmenthomepage -->
        <test-method is-config="true" signature="teardown()[pri:0, instance:com.qa.testcases.Homepagetest@59d016c9]" started-at="2020-08-21T11:52:36 IST" name="teardown" finished-at="2020-08-21T11:52:37 IST" duration-ms="761" status="PASS">
          <reporter-output>
          </reporter-output>
        </test-method> <!-- teardown -->
        <test-method is-config="true" signature="setup()[pri:0, instance:com.qa.testcases.Homepagetest@59d016c9]" started-at="2020-08-21T11:52:37 IST" name="setup" finished-at="2020-08-21T11:52:53 IST" duration-ms="16073" status="PASS">
          <reporter-output>
          </reporter-output>
        </test-method> <!-- setup -->
        <test-method signature="navigatetorewardshomepage()[pri:9, instance:com.qa.testcases.Homepagetest@59d016c9]" started-at="2020-08-21T11:52:53 IST" name="navigatetorewardshomepage" finished-at="2020-08-21T11:52:55 IST" duration-ms="2240" status="PASS">
          <reporter-output>
          </reporter-output>
        </test-method> <!-- navigatetorewardshomepage -->
        <test-method is-config="true" signature="teardown()[pri:0, instance:com.qa.testcases.Homepagetest@59d016c9]" started-at="2020-08-21T11:52:55 IST" name="teardown" finished-at="2020-08-21T11:52:56 IST" duration-ms="682" status="PASS">
          <reporter-output>
          </reporter-output>
        </test-method> <!-- teardown -->
      </class> <!-- com.qa.testcases.Homepagetest -->
      <class name="com.qa.testcases.LoginPageTest">
        <test-method is-config="true" signature="setup()[pri:0, instance:com.qa.testcases.LoginPageTest@4b5a5ed1]" started-at="2020-08-21T11:48:51 IST" name="setup" finished-at="2020-08-21T11:49:08 IST" duration-ms="17249" status="PASS">
          <reporter-output>
          </reporter-output>
        </test-method> <!-- setup -->
        <test-method signature="loginpagetitletest()[pri:1, instance:com.qa.testcases.LoginPageTest@4b5a5ed1]" started-at="2020-08-21T11:49:08 IST" name="loginpagetitletest" finished-at="2020-08-21T11:49:08 IST" duration-ms="16" status="PASS">
          <reporter-output>
          </reporter-output>
        </test-method> <!-- loginpagetitletest -->
        <test-method is-config="true" signature="teardown()[pri:0, instance:com.qa.testcases.LoginPageTest@4b5a5ed1]" started-at="2020-08-21T11:49:08 IST" name="teardown" finished-at="2020-08-21T11:49:09 IST" duration-ms="695" status="PASS">
          <reporter-output>
          </reporter-output>
        </test-method> <!-- teardown -->
        <test-method is-config="true" signature="setup()[pri:0, instance:com.qa.testcases.LoginPageTest@4b5a5ed1]" started-at="2020-08-21T11:49:09 IST" name="setup" finished-at="2020-08-21T11:49:24 IST" duration-ms="15385" status="PASS">
          <reporter-output>
          </reporter-output>
        </test-method> <!-- setup -->
        <test-method signature="crmlogotest()[pri:2, instance:com.qa.testcases.LoginPageTest@4b5a5ed1]" started-at="2020-08-21T11:49:24 IST" name="crmlogotest" finished-at="2020-08-21T11:49:24 IST" duration-ms="80" status="PASS">
          <reporter-output>
          </reporter-output>
        </test-method> <!-- crmlogotest -->
        <test-method is-config="true" signature="teardown()[pri:0, instance:com.qa.testcases.LoginPageTest@4b5a5ed1]" started-at="2020-08-21T11:49:24 IST" name="teardown" finished-at="2020-08-21T11:49:25 IST" duration-ms="932" status="PASS">
          <reporter-output>
          </reporter-output>
        </test-method> <!-- teardown -->
        <test-method is-config="true" signature="setup()[pri:0, instance:com.qa.testcases.LoginPageTest@4b5a5ed1]" started-at="2020-08-21T11:49:25 IST" name="setup" finished-at="2020-08-21T11:49:42 IST" duration-ms="16785" status="PASS">
          <reporter-output>
          </reporter-output>
        </test-method> <!-- setup -->
        <test-method signature="logintest()[pri:3, instance:com.qa.testcases.LoginPageTest@4b5a5ed1]" started-at="2020-08-21T11:49:42 IST" name="logintest" finished-at="2020-08-21T11:49:57 IST" duration-ms="15515" status="PASS">
          <reporter-output>
          </reporter-output>
        </test-method> <!-- logintest -->
        <test-method is-config="true" signature="teardown()[pri:0, instance:com.qa.testcases.LoginPageTest@4b5a5ed1]" started-at="2020-08-21T11:49:57 IST" name="teardown" finished-at="2020-08-21T11:49:58 IST" duration-ms="750" status="PASS">
          <reporter-output>
          </reporter-output>
        </test-method> <!-- teardown -->
      </class> <!-- com.qa.testcases.LoginPageTest -->
    </test> <!-- Peets production test -->
  </suite> <!-- Peets production test suite -->
</testng-results>
