<?xml version="1.0" encoding="UTF-8"?>
<!-- Generated by org.testng.reporters.JUnitXMLReporter -->
<testsuite ignored="0" hostname="DESKTOP-QSM3Q2F" failures="0" tests="9" name="Default test" time="212.125" errors="0" timestamp="2020-08-21T11:44:56 IST">
  <testcase classname="com.qa.testcases.Homepagetest" name="Hoveronsubscriptionsheaderlink" time="0.134"/>
  <testcase classname="com.qa.testcases.Homepagetest" name="Hoveronsubscriptionsheaderlinkclick" time="0.405"/>
  <testcase classname="com.qa.testcases.Homepagetest" name="Hoveronlocationsheaderlink" time="0.531"/>
  <testcase classname="com.qa.testcases.Homepagetest" name="Hoveronmenuheaderlink" time="0.206"/>
  <testcase classname="com.qa.testcases.Homepagetest" name="Hoveronrewardslink" time="0.324"/>
  <testcase classname="com.qa.testcases.Homepagetest" name="navigatetocoffeehomepage" time="2.678"/>
  <testcase classname="com.qa.testcases.Homepagetest" name="navigatetoteahomepage" time="5.117"/>
  <testcase classname="com.qa.testcases.Homepagetest" name="navigatetoequipmenthomepage" time="2.987"/>
  <testcase classname="com.qa.testcases.Homepagetest" name="navigatetorewardshomepage" time="3.019"/>
</testsuite> <!-- Default test -->
