<?xml version="1.0" encoding="UTF-8"?>
<!-- Generated by org.testng.reporters.JUnitXMLReporter -->
<testsuite ignored="0" hostname="DESKTOP-QSM3Q2F" failures="0" tests="12" name="Peets production test" time="244.867" errors="0" timestamp="2020-08-21T11:52:56 IST">
  <testcase classname="com.qa.testcases.LoginPageTest" name="loginpagetitletest" time="0.016"/>
  <testcase classname="com.qa.testcases.LoginPageTest" name="crmlogotest" time="0.08"/>
  <testcase classname="com.qa.testcases.LoginPageTest" name="logintest" time="15.515"/>
  <testcase classname="com.qa.testcases.Homepagetest" name="Hoveronsubscriptionsheaderlink" time="0.037"/>
  <testcase classname="com.qa.testcases.Homepagetest" name="Hoveronsubscriptionsheaderlinkclick" time="0.144"/>
  <testcase classname="com.qa.testcases.Homepagetest" name="Hoveronlocationsheaderlink" time="0.148"/>
  <testcase classname="com.qa.testcases.Homepagetest" name="Hoveronmenuheaderlink" time="0.175"/>
  <testcase classname="com.qa.testcases.Homepagetest" name="Hoveronrewardslink" time="1.047"/>
  <testcase classname="com.qa.testcases.Homepagetest" name="navigatetocoffeehomepage" time="2.266"/>
  <testcase classname="com.qa.testcases.Homepagetest" name="navigatetoteahomepage" time="2.217"/>
  <testcase classname="com.qa.testcases.Homepagetest" name="navigatetoequipmenthomepage" time="2.563"/>
  <testcase classname="com.qa.testcases.Homepagetest" name="navigatetorewardshomepage" time="2.24"/>
</testsuite> <!-- Peets production test -->
